Drill report for amplifier.kicad_pcb
Created on 2025-09-01T10:40:44-0500

Copper Layer Stackup:
    =============================================================
    L1 :  F.Cu                      front
    L2 :  In1.Cu                    in1
    L3 :  In2.Cu                    in2
    L4 :  B.Cu                      back


Drill file 'amplifier-PTH.drl' contains
    plated through holes:
    =============================================================
    T1  0,300mm  0,0118"  (160 holes)
    T2  0,800mm  0,0315"  (3 holes)
    T3  1,000mm  0,0394"  (4 holes)
    T4  1,100mm  0,0433"  (4 holes)
    T5  1,300mm  0,0512"  (2 holes)
    T6  1,320mm  0,0520"  (13 holes)

    Total plated holes count 186


Drill file 'amplifier-NPTH.drl' contains
    unplated through holes:
    =============================================================
    T1  1,700mm  0,0669"  (2 holes)

    Total unplated holes count 2
